[2020-03-09 16:33:52,088-INFO:1-紫御府NB虚拟-99000000111-4
]
[2020-03-09 16:33:52,107-INFO:	1-紫御府-1
]
[2020-03-09 16:33:52,118-INFO:2-loar-50510319100099-296
]
[2020-03-09 16:33:52,140-INFO:	2-君达测试区-2
]
[2020-03-09 16:33:52,150-INFO:3-新NB测试-999999000000112-4
]
[2020-03-09 16:33:52,173-INFO:	3-新NB小区-3
]
[2020-03-09 16:33:52,184-INFO:4-潍微测试-1343431241343241324-4
]
[2020-03-09 16:33:52,209-INFO:5-潍微测试0130101920-2-0130101920-302
]
[2020-03-09 16:33:52,234-INFO:6-君达测试_2-00000000000002-304
]
[2020-03-09 16:33:52,259-INFO:	4-君达测试区_2-4
]
[2020-03-09 16:33:52,270-INFO:7-宁波水表测试-01020304050607-329
]
[2020-03-09 16:33:52,291-INFO:	25-宁波集中器测试-25
]
[2020-03-09 16:33:52,305-INFO:8-积成lora测试-78331811000043-306
]
[2020-03-09 16:33:52,329-INFO:	5-积成LORA测试-5
]
[2020-03-09 16:33:52,350-INFO:9-潍微集中器测试-20191213000001-307
]
[2020-03-09 16:33:52,407-INFO:	6-潍微小区-6
]
[2020-03-09 16:33:52,419-INFO:10-台园社区科创中心-0252019122301-308
]
[2020-03-09 16:33:52,444-INFO:	7-台园社区科创中心-7
]
[2020-03-09 16:33:52,456-INFO:11-瓜埠花园-0252019122302-309
]
[2020-03-09 16:33:52,479-INFO:	8-瓜埠花园-8
]
[2020-03-09 16:33:52,494-INFO:12-瓜埠中心社区（1）-0252019122303-310
]
[2020-03-09 16:33:52,526-INFO:	9-瓜埠中心社区（1）-9
]
[2020-03-09 16:33:52,539-INFO:13-瓜埠中心社区-0252019122304-311
]
[2020-03-09 16:33:52,557-INFO:	10-瓜埠中心社区-10
]
[2020-03-09 16:33:52,568-INFO:14-贾裴花园-0252019122305-312
]
[2020-03-09 16:33:52,589-INFO:	11-贾裴花园-11
]
[2020-03-09 16:33:52,599-INFO:15-居委会小区-0252019122306-313
]
[2020-03-09 16:33:52,616-INFO:	12-居委会小区-12
]
[2020-03-09 16:33:52,626-INFO:16-梅婷小区-0252019122307-314
]
[2020-03-09 16:33:52,645-INFO:	13-梅婷小区-13
]
[2020-03-09 16:33:52,659-INFO:17-润埠小区-0252019122308-315
]
[2020-03-09 16:33:52,678-INFO:	14-润埠小区-14
]
[2020-03-09 16:33:52,691-INFO:18-润泽花园-0252019122309-316
]
[2020-03-09 16:33:52,714-INFO:	15-润泽花园-15
]
[2020-03-09 16:33:52,726-INFO:19-砂子沟社区（1）-0252019122310-317
]
[2020-03-09 16:33:52,749-INFO:	16-砂子沟社区（1）-16
]
[2020-03-09 16:33:52,761-INFO:20-太平北苑-0252019122311-318
]
[2020-03-09 16:33:52,784-INFO:	17-太平北苑-17
]
[2020-03-09 16:33:52,797-INFO:21-电信NB小表测试集中器-000000000000001-321
]
[2020-03-09 16:33:52,819-INFO:	18-电信NB小表测试小区-18
]
[2020-03-09 16:33:52,833-INFO:22-紫御府-13512345678-322
]
[2020-03-09 16:33:52,861-INFO:23-紫御府-00000101807002-322
]
[2020-03-09 16:33:52,888-INFO:24-书香名邸1-7-00000101807003-323
]
[2020-03-09 16:33:52,906-INFO:	20-书香名邸潍微-20
]
[2020-03-09 16:33:52,917-INFO:25-书香名邸8-16-00000101805001-164
]
[2020-03-09 16:33:52,942-INFO:	20-书香名邸潍微-20
]
[2020-03-09 16:33:52,954-INFO:26-供电局北门家属区潍微-00000101807001-324
]
[2020-03-09 16:33:52,977-INFO:	21-供电局北门家属区潍微-21
]
[2020-03-09 16:33:52,989-INFO:27-供电局5号院潍微-00000101807004-325
]
[2020-03-09 16:33:53,013-INFO:	22-供电局5号院潍微-22
]
[2020-03-09 16:33:53,031-INFO:28-供电老局1.2.6.7.16.20.21.22号楼-00000101811004-326
]
[2020-03-09 16:33:53,056-INFO:	23-供电老局潍微-23
]
[2020-03-09 16:33:53,067-INFO:29-供电老局8.9.14.15号楼-00000101811002-164
]
[2020-03-09 16:33:53,090-INFO:	23-供电老局潍微-23
]
[2020-03-09 16:33:53,101-INFO:30-供电老局10-12号楼-00000101811001-164
]
[2020-03-09 16:33:53,145-INFO:	23-供电老局潍微-23
]
[2020-03-09 16:33:53,175-INFO:31-新天lora测试-00100954248284-328
]
[2020-03-09 16:33:53,198-INFO:	24-新天lora测试-24
]
[2020-03-09 16:33:53,216-INFO:32-NB虚拟集中器01-20200220000001-330
]
[2020-03-09 16:33:53,240-INFO:	26-NB虚拟小区01-26
]
[2020-03-09 16:33:53,251-INFO:34-20200309-202003090002-None
]
[2020-03-09 16:33:53,283-INFO:36-202003090001-202003090001-None
]
[2020-03-09 16:33:53,310-INFO:37-龙顺水洗厂-0252020030901-None
]
[2020-03-09 16:33:53,332-INFO:	28-龙顺水洗厂-28
]
